\BOOKMARK [0][-]{dummy.1}{\376\377\000D\000e\000c\000l\000a\000r\000a\000t\000i\000o\000n\000\040\000o\000f\000\040\000A\000u\000t\000h\000o\000r\000s\000h\000i\000p}{}% 1
\BOOKMARK [0][-]{dummy.2}{\376\377\000A\000b\000s\000t\000r\000a\000c\000t}{}% 2
\BOOKMARK [0][-]{dummy.3}{\376\377\000A\000c\000k\000n\000o\000w\000l\000e\000d\000g\000e\000m\000e\000n\000t\000s}{}% 3
\BOOKMARK [0][-]{dummy.5}{\376\377\000L\000i\000s\000t\000\040\000o\000f\000\040\000F\000i\000g\000u\000r\000e\000s}{}% 4
\BOOKMARK [0][-]{dummy.7}{\376\377\000L\000i\000s\000t\000\040\000o\000f\000\040\000T\000a\000b\000l\000e\000s}{}% 5
\BOOKMARK [0][-]{dummy.9}{\376\377\000A\000b\000b\000r\000e\000v\000i\000a\000t\000i\000o\000n\000s}{}% 6
\BOOKMARK [0][-]{dummy.12}{\376\377\000P\000h\000y\000s\000i\000c\000a\000l\000\040\000C\000o\000n\000s\000t\000a\000n\000t\000s}{}% 7
\BOOKMARK [0][-]{dummy.15}{\376\377\000S\000y\000m\000b\000o\000l\000s}{}% 8
\BOOKMARK [0][-]{chapter.18}{\376\377\0001\000\040\000I\000n\000t\000r\000o\000d\000u\000c\000t\000i\000o\000n}{}% 9
\BOOKMARK [1][-]{section.19}{\376\377\0001\000.\0001\000\040\000P\000r\000o\000b\000l\000e\000m\000\040\000s\000t\000a\000t\000e\000m\000e\000n\000t}{chapter.18}% 10
\BOOKMARK [1][-]{section.20}{\376\377\0001\000.\0002\000\040\000L\000i\000t\000e\000r\000a\000t\000u\000r\000e\000\040\000r\000e\000v\000i\000e\000w}{chapter.18}% 11
\BOOKMARK [1][-]{section.21}{\376\377\0001\000.\0003\000\040\000L\000e\000a\000r\000n\000i\000n\000g\000\040\000L\000a\000T\000e\000X}{chapter.18}% 12
\BOOKMARK [0][-]{chapter.22}{\376\377\0002\000\040\000T\000e\000c\000h\000n\000i\000q\000u\000e\000s}{}% 13
\BOOKMARK [1][-]{section.23}{\376\377\0002\000.\0001\000\040\000S\000i\000g\000n\000a\000l\000\040\000p\000r\000o\000-\000p\000r\000o\000c\000e\000s\000s\000i\000n\000g\000\040\000a\000n\000d\000\040\000s\000e\000n\000s\000o\000r\000\040\000f\000u\000s\000i\000o\000n\000\040\000f\000o\000r\000\040\000t\000i\000m\000e\000d\000\040\000p\000a\000t\000t\000e\000r\000n\000s}{chapter.22}% 14
\BOOKMARK [1][-]{section.24}{\376\377\0002\000.\0002\000\040\000T\000e\000m\000p\000o\000r\000a\000l\000\040\000S\000e\000g\000m\000e\000n\000t\000a\000t\000i\000o\000n}{chapter.22}% 15
\BOOKMARK [2][-]{subsection.25}{\376\377\0002\000.\0002\000.\0001\000\040\000A\000i\000m\000s\000\040\000o\000f\000\040\000s\000e\000g\000m\000e\000n\000t\000a\000t\000i\000o\000n}{section.24}% 16
\BOOKMARK [2][-]{subsection.26}{\376\377\0002\000.\0002\000.\0002\000\040\000F\000o\000r\000m\000a\000l\000\040\000d\000e\000f\000i\000n\000i\000t\000i\000o\000n}{section.24}% 17
\BOOKMARK [2][-]{subsection.30}{\376\377\0002\000.\0002\000.\0003\000\040\000A\000p\000p\000l\000i\000c\000a\000t\000i\000o\000n\000\040\000i\000n\000\040\000r\000e\000s\000e\000a\000r\000c\000h\000\040\000f\000i\000e\000l\000d\000s}{section.24}% 18
\BOOKMARK [2][-]{subsection.31}{\376\377\0002\000.\0002\000.\0004\000\040\000P\000C\000A\000\040\000B\000a\000s\000e\000d\000\040\000M\000e\000t\000h\000o\000d\000s}{section.24}% 19
\BOOKMARK [2][-]{subsection.33}{\376\377\0002\000.\0002\000.\0005\000\040\000S\000t\000a\000t\000i\000s\000t\000i\000c\000a\000l\000\040\000m\000e\000t\000h\000o\000d\000s}{section.24}% 20
\BOOKMARK [2][-]{subsection.34}{\376\377\0002\000.\0002\000.\0006\000\040\000H\000i\000d\000d\000e\000n\000\040\000M\000a\000r\000k\000o\000v\000\040\000M\000o\000d\000e\000l\000s\000\040\000B\000a\000s\000e\000d\000\040\000M\000e\000t\000h\000o\000d\000s}{section.24}% 21
\BOOKMARK [2][-]{subsection.35}{\376\377\0002\000.\0002\000.\0007\000\040\000B\000a\000y\000e\000s\000i\000a\000n\000\040\000M\000e\000t\000h\000o\000d\000s}{section.24}% 22
\BOOKMARK [2][-]{subsection.36}{\376\377\0002\000.\0002\000.\0008\000\040\000P\000r\000i\000n\000c\000i\000p\000a\000l\000\040\000C\000o\000m\000p\000o\000n\000e\000n\000t\000\040\000A\000n\000a\000l\000y\000s\000i\000s}{section.24}% 23
\BOOKMARK [2][-]{subsection.45}{\376\377\0002\000.\0002\000.\0009\000\040\000H\000i\000d\000d\000e\000n\000\040\000M\000a\000r\000k\000o\000v\000\040\000M\000o\000d\000e\000l\000s}{section.24}% 24
\BOOKMARK [2][-]{subsection.56}{\376\377\0002\000.\0002\000.\0001\0000\000\040\000S\000e\000g\000m\000e\000n\000t\000a\000t\000i\000o\000n\000\040\000a\000s\000\040\000c\000l\000u\000s\000t\000e\000r\000i\000n\000g}{section.24}% 25
\BOOKMARK [1][-]{section.58}{\376\377\0002\000.\0003\000\040\000C\000l\000u\000s\000t\000e\000r\000i\000n\000g}{chapter.22}% 26
\BOOKMARK [2][-]{subsection.64}{\376\377\0002\000.\0003\000.\0001\000\040\000F\000o\000r\000m\000a\000l\000\040\000d\000e\000f\000i\000n\000i\000t\000i\000o\000n}{section.58}% 27
\BOOKMARK [2][-]{subsection.65}{\376\377\0002\000.\0003\000.\0002\000\040\000A\000p\000p\000l\000i\000c\000a\000t\000i\000o\000n\000\040\000i\000s\000\040\000r\000e\000s\000e\000a\000r\000c\000h\000\040\000f\000i\000e\000l\000d\000s}{section.58}% 28
\BOOKMARK [1][-]{section.66}{\376\377\0002\000.\0004\000\040\000T\000e\000m\000p\000o\000r\000a\000l\000\040\000p\000a\000t\000t\000e\000r\000n\000\040\000r\000e\000c\000o\000g\000n\000i\000t\000i\000o\000n}{chapter.22}% 29
\BOOKMARK [2][-]{subsection.67}{\376\377\0002\000.\0004\000.\0001\000\040\000D\000y\000n\000a\000m\000i\000c\000\040\000T\000i\000m\000e\000\040\000W\000a\000r\000p\000i\000n\000g}{section.66}% 30
\BOOKMARK [2][-]{subsection.68}{\376\377\0002\000.\0004\000.\0002\000\040\000k\000-\000m\000e\000a\000n\000s\000\040\000c\000l\000u\000s\000t\000e\000r\000i\000n\000g}{section.66}% 31
\BOOKMARK [2][-]{subsection.70}{\376\377\0002\000.\0004\000.\0003\000\040\000S\000e\000l\000f\000-\000o\000r\000g\000a\000n\000i\000z\000i\000n\000g\000\040\000M\000a\000p}{section.66}% 32
\BOOKMARK [2][-]{subsection.71}{\376\377\0002\000.\0004\000.\0004\000\040\000S\000u\000p\000p\000o\000r\000t\000\040\000V\000e\000c\000t\000o\000r\000\040\000M\000a\000c\000h\000i\000n\000e}{section.66}% 33
\BOOKMARK [2][-]{subsection.72}{\376\377\0002\000.\0004\000.\0005\000\040\000N\000a\000\357\000v\000e\000\040\000B\000a\000y\000e\000s}{section.66}% 34
\BOOKMARK [1][-]{section.73}{\376\377\0002\000.\0005\000\040\000U\000n\000s\000u\000p\000e\000r\000v\000i\000s\000e\000d\000\040\000c\000l\000u\000s\000t\000e\000r\000i\000n\000g\000\040\000o\000f\000\040\000t\000e\000m\000p\000o\000r\000a\000l\000\040\000p\000a\000t\000t\000e\000r\000n\000s}{chapter.22}% 35
\BOOKMARK [0][-]{chapter.74}{\376\377\0003\000\040\000E\000x\000p\000e\000r\000i\000m\000e\000n\000t\000s}{}% 36
\BOOKMARK [1][-]{section.75}{\376\377\0003\000.\0001\000\040}{chapter.74}% 37
\BOOKMARK [0][-]{chapter.76}{\376\377\0004\000\040\000R\000e\000s\000u\000l\000t\000s}{}% 38
\BOOKMARK [1][-]{section.77}{\376\377\0004\000.\0001\000\040}{chapter.76}% 39
\BOOKMARK [0][-]{chapter.78}{\376\377\0005\000\040\000D\000i\000s\000c\000u\000s\000s\000i\000o\000n}{}% 40
\BOOKMARK [1][-]{section.79}{\376\377\0005\000.\0001\000\040}{chapter.78}% 41
\BOOKMARK [0][-]{chapter.80}{\376\377\0006\000\040\000C\000o\000n\000c\000l\000u\000s\000i\000o\000n\000s}{}% 42
\BOOKMARK [1][-]{section.81}{\376\377\0006\000.\0001\000\040}{chapter.80}% 43
\BOOKMARK [0][-]{appendix.82}{\376\377\000A\000\040\000A\000p\000p\000e\000n\000d\000i\000x\000\040\000T\000i\000t\000l\000e\000\040\000H\000e\000r\000e}{}% 44
\BOOKMARK [0][-]{dummy.83}{\376\377\000B\000i\000b\000l\000i\000o\000g\000r\000a\000p\000h\000y}{}% 45
