\BOOKMARK [0][]{chapter*.2}{List of Figures}{}% 1
\BOOKMARK [0][]{chapter*.3}{List of Tables}{}% 2
\BOOKMARK [0][]{chapter*.4}{Glossary}{}% 3
\BOOKMARK [0][]{chapter.1}{1 Introduction}{}% 4
\BOOKMARK [1][]{section.1.1}{1.1 Signal pre-processing and sensor fusion for timed patterns}{chapter.1}% 5
\BOOKMARK [1][]{section.1.2}{1.2 Temporal segmentation}{chapter.1}% 6
\BOOKMARK [2][]{subsection.1.2.1}{1.2.1 Aims of segmentation}{section.1.2}% 7
\BOOKMARK [2][]{subsection.1.2.2}{1.2.2 Formal definition}{section.1.2}% 8
\BOOKMARK [2][]{subsection.1.2.3}{1.2.3 Application in research fields}{section.1.2}% 9
\BOOKMARK [2][]{subsection.1.2.4}{1.2.4 Principal Component Analysis}{section.1.2}% 10
\BOOKMARK [2][]{subsection.1.2.5}{1.2.5 Segmentation as clustering}{section.1.2}% 11
\BOOKMARK [1][]{section.1.3}{1.3 Temporal pattern recognition}{chapter.1}% 12
\BOOKMARK [2][]{subsection.1.3.1}{1.3.1 Dynamic Time Warping}{section.1.3}% 13
\BOOKMARK [2][]{subsection.1.3.2}{1.3.2 k-means clustering}{section.1.3}% 14
\BOOKMARK [2][]{subsection.1.3.3}{1.3.3 Self-organizing Map}{section.1.3}% 15
\BOOKMARK [2][]{subsection.1.3.4}{1.3.4 Support Vector Machine}{section.1.3}% 16
\BOOKMARK [2][]{subsection.1.3.5}{1.3.5 Na\357ve Bayes}{section.1.3}% 17
\BOOKMARK [1][]{section.1.4}{1.4 Unsupervised clustering of temporal patterns}{chapter.1}% 18
\BOOKMARK [0][]{chapter.2}{2 Aims of the project}{}% 19
\BOOKMARK [1][]{section.2.1}{2.1 Final aim}{chapter.2}% 20
\BOOKMARK [1][]{section.2.2}{2.2 Preliminary aims}{chapter.2}% 21
\BOOKMARK [0][]{chapter.3}{3 Discussion}{}% 22
\BOOKMARK [0][]{chapter.4}{4 Materials \046 methods}{}% 23
\BOOKMARK [0][]{chapter*.5}{References}{}% 24
